# JRE version: Java(TM) SE Runtime Environment (8.0_20-b26) (build 1.8.0_20-b26)
# Java VM: Java HotSpot(TM) 64-Bit Server VM (25.20-b23 mixed mode bsd-amd64 compressed oops)
Heap:
 PSYoungGen      total 485888K, used 150933K [0x0000000795580000, 0x00000007bb380000, 0x00000007c0000000)
  eden space 464384K, 32% used [0x0000000795580000,0x000000079e8e5408,0x00000007b1b00000)
  from space 21504K, 0% used [0x00000007b1b00000,0x00000007b1b00000,0x00000007b3000000)
  to   space 22528K, 0% used [0x00000007b9d80000,0x00000007b9d80000,0x00000007bb380000)
 ParOldGen       total 141312K, used 44355K [0x0000000740000000, 0x0000000748a00000, 0x0000000795580000)
  object space 141312K, 31% used [0x0000000740000000,0x0000000742b50c88,0x0000000748a00000)
 Metaspace       used 59330K, capacity 60307K, committed 60632K, reserved 1101824K
  class space    used 7880K, capacity 8072K, committed 8152K, reserved 1048576K
GC Heap History (10 events):
Event: 9.361 GC heap before
{Heap before GC invocations=12 (full 2):
 PSYoungGen      total 377856K, used 13310K [0x0000000795580000, 0x00000007add00000, 0x00000007c0000000)
  eden space 364544K, 0% used [0x0000000795580000,0x0000000795580000,0x00000007ab980000)
  from space 13312K, 99% used [0x00000007acb00000,0x00000007ad7ffb60,0x00000007ad800000)
  to   space 17920K, 0% used [0x00000007ab980000,0x00000007ab980000,0x00000007acb00000)
 ParOldGen       total 56832K, used 23595K [0x0000000740000000, 0x0000000743780000, 0x0000000795580000)
  object space 56832K, 41% used [0x0000000740000000,0x000000074170ac88,0x0000000743780000)
 Metaspace       used 34648K, capacity 35268K, committed 35416K, reserved 1079296K
  class space    used 4531K, capacity 4663K, committed 4696K, reserved 1048576K
Event: 9.487 GC heap after
Heap after GC invocations=12 (full 2):
 PSYoungGen      total 377856K, used 0K [0x0000000795580000, 0x00000007add00000, 0x00000007c0000000)
  eden space 364544K, 0% used [0x0000000795580000,0x0000000795580000,0x00000007ab980000)
  from space 13312K, 0% used [0x00000007acb00000,0x00000007acb00000,0x00000007ad800000)
  to   space 17920K, 0% used [0x00000007ab980000,0x00000007ab980000,0x00000007acb00000)
 ParOldGen       total 101376K, used 29069K [0x0000000740000000, 0x0000000746300000, 0x0000000795580000)
  object space 101376K, 28% used [0x0000000740000000,0x0000000741c63410,0x0000000746300000)
 Metaspace       used 34648K, capacity 35268K, committed 35416K, reserved 1079296K
  class space    used 4531K, capacity 4663K, committed 4696K, reserved 1048576K
}
Event: 19.096 GC heap before
{Heap before GC invocations=13 (full 2):
 PSYoungGen      total 377856K, used 364544K [0x0000000795580000, 0x00000007add00000, 0x00000007c0000000)
  eden space 364544K, 100% used [0x0000000795580000,0x00000007ab980000,0x00000007ab980000)
  from space 13312K, 0% used [0x00000007acb00000,0x00000007acb00000,0x00000007ad800000)
  to   space 17920K, 0% used [0x00000007ab980000,0x00000007ab980000,0x00000007acb00000)
 ParOldGen       total 101376K, used 29069K [0x0000000740000000, 0x0000000746300000, 0x0000000795580000)
  object space 101376K, 28% used [0x0000000740000000,0x0000000741c63410,0x0000000746300000)
 Metaspace       used 46828K, capacity 47614K, committed 47960K, reserved 1091584K
  class space    used 6199K, capacity 6365K, committed 6488K, reserved 1048576K
Event: 19.172 GC heap after
Heap after GC invocations=13 (full 2):
 PSYoungGen      total 382464K, used 17914K [0x0000000795580000, 0x00000007b4a00000, 0x00000007c0000000)
  eden space 364544K, 0% used [0x0000000795580000,0x0000000795580000,0x00000007ab980000)
  from space 17920K, 99% used [0x00000007ab980000,0x00000007acafeb18,0x00000007acb00000)
  to   space 21504K, 0% used [0x00000007b3500000,0x00000007b3500000,0x00000007b4a00000)
 ParOldGen       total 101376K, used 31642K [0x0000000740000000, 0x0000000746300000, 0x0000000795580000)
  object space 101376K, 31% used [0x0000000740000000,0x0000000741ee69a8,0x0000000746300000)
 Metaspace       used 46828K, capacity 47614K, committed 47960K, reserved 1091584K
  class space    used 6199K, capacity 6365K, committed 6488K, reserved 1048576K
}
Event: 21.884 GC heap before
{Heap before GC invocations=14 (full 2):
 PSYoungGen      total 382464K, used 382458K [0x0000000795580000, 0x00000007b4a00000, 0x00000007c0000000)
  eden space 364544K, 100% used [0x0000000795580000,0x00000007ab980000,0x00000007ab980000)
  from space 17920K, 99% used [0x00000007ab980000,0x00000007acafeb18,0x00000007acb00000)
  to   space 21504K, 0% used [0x00000007b3500000,0x00000007b3500000,0x00000007b4a00000)
 ParOldGen       total 101376K, used 31642K [0x0000000740000000, 0x0000000746300000, 0x0000000795580000)
  object space 101376K, 31% used [0x0000000740000000,0x0000000741ee69a8,0x0000000746300000)
 Metaspace       used 52624K, capacity 53476K, committed 53592K, reserved 1095680K
  class space    used 7006K, capacity 7162K, committed 7256K, reserved 1048576K
Event: 21.916 GC heap after
Heap after GC invocations=14 (full 2):
 PSYoungGen      total 480768K, used 13470K [0x0000000795580000, 0x00000007b4500000, 0x00000007c0000000)
  eden space 464384K, 0% used [0x0000000795580000,0x0000000795580000,0x00000007b1b00000)
  from space 16384K, 82% used [0x00000007b3500000,0x00000007b4227a78,0x00000007b4500000)
  to   space 21504K, 0% used [0x00000007b1b00000,0x00000007b1b00000,0x00000007b3000000)
 ParOldGen       total 101376K, used 42016K [0x0000000740000000, 0x0000000746300000, 0x0000000795580000)
  object space 101376K, 41% used [0x0000000740000000,0x0000000742908398,0x0000000746300000)
 Metaspace       used 52624K, capacity 53476K, committed 53592K, reserved 1095680K
  class space    used 7006K, capacity 7162K, committed 7256K, reserved 1048576K
}
Event: 37.080 GC heap before
{Heap before GC invocations=15 (full 2):
 PSYoungGen      total 480768K, used 218412K [0x0000000795580000, 0x00000007b4500000, 0x00000007c0000000)
  eden space 464384K, 44% used [0x0000000795580000,0x00000007a1da35f0,0x00000007b1b00000)
  from space 16384K, 82% used [0x00000007b3500000,0x00000007b4227a78,0x00000007b4500000)
  to   space 21504K, 0% used [0x00000007b1b00000,0x00000007b1b00000,0x00000007b3000000)
 ParOldGen       total 101376K, used 42016K [0x0000000740000000, 0x0000000746300000, 0x0000000795580000)
  object space 101376K, 41% used [0x0000000740000000,0x0000000742908398,0x0000000746300000)
 Metaspace       used 57858K, capacity 58875K, committed 59028K, reserved 1099776K
  class space    used 7708K, capacity 7892K, committed 7896K, reserved 1048576K
Event: 37.117 GC heap after
Heap after GC invocations=15 (full 2):
 PSYoungGen      total 485888K, used 16193K [0x0000000795580000, 0x00000007bb380000, 0x00000007c0000000)
  eden space 464384K, 0% used [0x0000000795580000,0x0000000795580000,0x00000007b1b00000)
  from space 21504K, 75% used [0x00000007b1b00000,0x00000007b2ad0508,0x00000007b3000000)
  to   space 22528K, 0% used [0x00000007b9d80000,0x00000007b9d80000,0x00000007bb380000)
 ParOldGen       total 101376K, used 42024K [0x0000000740000000, 0x0000000746300000, 0x0000000795580000)
  object space 101376K, 41% used [0x0000000740000000,0x000000074290a398,0x0000000746300000)
 Metaspace       used 57858K, capacity 58875K, committed 59028K, reserved 1099776K
  class space    used 7708K, capacity 7892K, committed 7896K, reserved 1048576K
}
Event: 37.117 GC heap before
{Heap before GC invocations=16 (full 3):
 PSYoungGen      total 485888K, used 16193K [0x0000000795580000, 0x00000007bb380000, 0x00000007c0000000)
  eden space 464384K, 0% used [0x0000000795580000,0x0000000795580000,0x00000007b1b00000)
  from space 21504K, 75% used [0x00000007b1b00000,0x00000007b2ad0508,0x00000007b3000000)
  to   space 22528K, 0% used [0x00000007b9d80000,0x00000007b9d80000,0x00000007bb380000)
 ParOldGen       total 101376K, used 42024K [0x0000000740000000, 0x0000000746300000, 0x0000000795580000)
  object space 101376K, 41% used [0x0000000740000000,0x000000074290a398,0x0000000746300000)
 Metaspace       used 57858K, capacity 58875K, committed 59028K, reserved 1099776K
  class space    used 7708K, capacity 7892K, committed 7896K, reserved 1048576K
Event: 37.369 GC heap after
Heap after GC invocations=16 (full 3):
 PSYoungGen      total 485888K, used 0K [0x0000000795580000, 0x00000007bb380000, 0x00000007c0000000)
  eden space 464384K, 0% used [0x0000000795580000,0x0000000795580000,0x00000007b1b00000)
  from space 21504K, 0% used [0x00000007b1b00000,0x00000007b1b00000,0x00000007b3000000)
  to   space 22528K, 0% used [0x00000007b9d80000,0x00000007b9d80000,0x00000007bb380000)
 ParOldGen       total 141312K, used 44355K [0x0000000740000000, 0x0000000748a00000, 0x0000000795580000)
  object space 141312K, 31% used [0x0000000740000000,0x0000000742b50c88,0x0000000748a00000)
 Metaspace       used 57856K, capacity 58869K, committed 59028K, reserved 1099776K
  class space    used 7707K, capacity 7891K, committed 7896K, reserved 1048576K
}

